

Started GET "/" for 127.0.0.1 at 2016-03-02 13:48:35 -0500

ActiveRecord::PendingMigrationError - 

Migrations are pending. To resolve this issue, run:

	bin/rake db:migrate RAILS_ENV=development

:
  activerecord (4.2.5.1) lib/active_record/migration.rb:392:in `check_pending!'
  activerecord (4.2.5.1) lib/active_record/migration.rb:373:in `call'
  actionpack (4.2.5.1) lib/action_dispatch/middleware/callbacks.rb:29:in `block in call'
  activesupport (4.2.5.1) lib/active_support/callbacks.rb:88:in `__run_callbacks__'
  activesupport (4.2.5.1) lib/active_support/callbacks.rb:778:in `_run_call_callbacks'
  activesupport (4.2.5.1) lib/active_support/callbacks.rb:81:in `run_callbacks'
  actionpack (4.2.5.1) lib/action_dispatch/middleware/callbacks.rb:27:in `call'
  actionpack (4.2.5.1) lib/action_dispatch/middleware/reloader.rb:73:in `call'
  actionpack (4.2.5.1) lib/action_dispatch/middleware/remote_ip.rb:78:in `call'
  better_errors (2.1.1) lib/better_errors/middleware.rb:84:in `protected_app_call'
  better_errors (2.1.1) lib/better_errors/middleware.rb:79:in `better_errors_call'
  better_errors (2.1.1) lib/better_errors/middleware.rb:57:in `call'
  actionpack (4.2.5.1) lib/action_dispatch/middleware/debug_exceptions.rb:17:in `call'
  web-console (2.3.0) lib/web_console/middleware.rb:28:in `block in call'
  web-console (2.3.0) lib/web_console/middleware.rb:18:in `call'
  actionpack (4.2.5.1) lib/action_dispatch/middleware/show_exceptions.rb:30:in `call'
  railties (4.2.5.1) lib/rails/rack/logger.rb:38:in `call_app'
  railties (4.2.5.1) lib/rails/rack/logger.rb:20:in `block in call'
  activesupport (4.2.5.1) lib/active_support/tagged_logging.rb:68:in `block in tagged'
  activesupport (4.2.5.1) lib/active_support/tagged_logging.rb:26:in `tagged'
  activesupport (4.2.5.1) lib/active_support/tagged_logging.rb:68:in `tagged'
  railties (4.2.5.1) lib/rails/rack/logger.rb:20:in `call'
  actionpack (4.2.5.1) lib/action_dispatch/middleware/request_id.rb:21:in `call'
  rack (1.6.4) lib/rack/methodoverride.rb:22:in `call'
  rack (1.6.4) lib/rack/runtime.rb:18:in `call'
  activesupport (4.2.5.1) lib/active_support/cache/strategy/local_cache_middleware.rb:28:in `call'
  rack (1.6.4) lib/rack/lock.rb:17:in `call'
  actionpack (4.2.5.1) lib/action_dispatch/middleware/static.rb:116:in `call'
  rack (1.6.4) lib/rack/sendfile.rb:113:in `call'
  railties (4.2.5.1) lib/rails/engine.rb:518:in `call'
  railties (4.2.5.1) lib/rails/application.rb:165:in `call'
  rack (1.6.4) lib/rack/lock.rb:17:in `call'
  rack (1.6.4) lib/rack/content_length.rb:15:in `call'
  rack (1.6.4) lib/rack/handler/webrick.rb:88:in `service'
  /home/mojir/.rbenv/versions/2.2.0/lib/ruby/2.2.0/webrick/httpserver.rb:138:in `service'
  /home/mojir/.rbenv/versions/2.2.0/lib/ruby/2.2.0/webrick/httpserver.rb:94:in `run'
  /home/mojir/.rbenv/versions/2.2.0/lib/ruby/2.2.0/webrick/server.rb:294:in `block in start_thread'



Started POST "/__better_errors/560b26ab5f26bb94/variables" for 127.0.0.1 at 2016-03-02 13:48:35 -0500
  [1m[36m (36.7ms)[0m  [1mCREATE TABLE "schema_migrations" ("version" varchar NOT NULL) [0m
  [1m[35m (0.3ms)[0m  select sqlite_version(*)
  [1m[36m (80.1ms)[0m  [1mCREATE UNIQUE INDEX "unique_schema_migrations" ON "schema_migrations" ("version")[0m
  [1m[35mActiveRecord::SchemaMigration Load (0.1ms)[0m  SELECT "schema_migrations".* FROM "schema_migrations"
Migrating to CreateIncomes (20160224010036)
  [1m[36m (0.1ms)[0m  [1mbegin transaction[0m
  [1m[35m (0.8ms)[0m  CREATE TABLE "incomes" ("id" INTEGER PRIMARY KEY AUTOINCREMENT NOT NULL, "userid" text, "income" text, "incometype" text, "value" decimal, "frequency" text, "day_rec" integer, "month" integer, "year" integer, "created_at" datetime NOT NULL, "updated_at" datetime NOT NULL) 
  [1m[36mSQL (0.2ms)[0m  [1mINSERT INTO "schema_migrations" ("version") VALUES (?)[0m  [["version", "20160224010036"]]
  [1m[35m (13.8ms)[0m  commit transaction
Migrating to CreateBills (20160224010235)
  [1m[36m (0.1ms)[0m  [1mbegin transaction[0m
  [1m[35m (0.3ms)[0m  CREATE TABLE "bills" ("id" INTEGER PRIMARY KEY AUTOINCREMENT NOT NULL, "userid" text, "expenseid" text, "day_month" integer, "month" integer, "year" integer, "created_at" datetime NOT NULL, "updated_at" datetime NOT NULL) 
  [1m[36mSQL (0.2ms)[0m  [1mINSERT INTO "schema_migrations" ("version") VALUES (?)[0m  [["version", "20160224010235"]]
  [1m[35m (48.6ms)[0m  commit transaction
Migrating to CreateExpenses (20160224010314)
  [1m[36m (0.3ms)[0m  [1mbegin transaction[0m
  [1m[35m (1.4ms)[0m  CREATE TABLE "expenses" ("id" INTEGER PRIMARY KEY AUTOINCREMENT NOT NULL, "expenseid" text, "userid" text, "expensetype" text, "frequency" text, "projvalue" decimal, "actvalue" decimal, "percent" integer, "month" integer, "year" integer, "created_at" datetime NOT NULL, "updated_at" datetime NOT NULL) 
  [1m[36mSQL (0.6ms)[0m  [1mINSERT INTO "schema_migrations" ("version") VALUES (?)[0m  [["version", "20160224010314"]]
  [1m[35m (11.1ms)[0m  commit transaction
Migrating to CreateUsers (20160224010325)
  [1m[36m (0.1ms)[0m  [1mbegin transaction[0m
  [1m[35m (0.4ms)[0m  CREATE TABLE "users" ("id" INTEGER PRIMARY KEY AUTOINCREMENT NOT NULL, "user" text, "email" text, "password" text, "state" text, "created_at" datetime NOT NULL, "updated_at" datetime NOT NULL) 
  [1m[36mSQL (0.6ms)[0m  [1mINSERT INTO "schema_migrations" ("version") VALUES (?)[0m  [["version", "20160224010325"]]
  [1m[35m (33.2ms)[0m  commit transaction
Migrating to AddDeviseToUsers (20160302151612)
  [1m[36m (0.1ms)[0m  [1mbegin transaction[0m
  [1m[35m (0.4ms)[0m  ALTER TABLE "users" ADD "encrypted_password" varchar DEFAULT '' NOT NULL
  [1m[36m (0.2ms)[0m  [1mALTER TABLE "users" ADD "reset_password_token" varchar[0m
  [1m[35m (0.2ms)[0m  ALTER TABLE "users" ADD "reset_password_sent_at" datetime
  [1m[36m (0.2ms)[0m  [1mALTER TABLE "users" ADD "remember_created_at" datetime[0m
  [1m[35m (0.4ms)[0m  ALTER TABLE "users" ADD "sign_in_count" integer DEFAULT 0 NOT NULL
  [1m[36m (0.4ms)[0m  [1mALTER TABLE "users" ADD "current_sign_in_at" datetime[0m
  [1m[35m (0.3ms)[0m  ALTER TABLE "users" ADD "last_sign_in_at" datetime
  [1m[36m (0.2ms)[0m  [1mALTER TABLE "users" ADD "current_sign_in_ip" varchar[0m
  [1m[35m (0.2ms)[0m  ALTER TABLE "users" ADD "last_sign_in_ip" varchar
  [1m[36m (0.4ms)[0m  [1mCREATE UNIQUE INDEX "index_users_on_email" ON "users" ("email")[0m
  [1m[35m (0.1ms)[0m              SELECT sql
            FROM sqlite_master
            WHERE name='index_users_on_email' AND type='index'
            UNION ALL
            SELECT sql
            FROM sqlite_temp_master
            WHERE name='index_users_on_email' AND type='index'

  [1m[36m (0.2ms)[0m  [1mCREATE UNIQUE INDEX "index_users_on_reset_password_token" ON "users" ("reset_password_token")[0m
  [1m[35mSQL (0.1ms)[0m  INSERT INTO "schema_migrations" ("version") VALUES (?)  [["version", "20160302151612"]]
  [1m[36m (14.6ms)[0m  [1mcommit transaction[0m
Migrating to AddNameToUser (20160302161822)
  [1m[35m (0.1ms)[0m  begin transaction
  [1m[36m (0.5ms)[0m  [1mALTER TABLE "users" ADD "name" varchar[0m
  [1m[35mSQL (0.2ms)[0m  INSERT INTO "schema_migrations" ("version") VALUES (?)  [["version", "20160302161822"]]
  [1m[36m (10.2ms)[0m  [1mcommit transaction[0m
  [1m[35mActiveRecord::SchemaMigration Load (0.1ms)[0m  SELECT "schema_migrations".* FROM "schema_migrations"
  [1m[36m (0.1ms)[0m  [1m            SELECT sql
            FROM sqlite_master
            WHERE name='index_users_on_reset_password_token' AND type='index'
            UNION ALL
            SELECT sql
            FROM sqlite_temp_master
            WHERE name='index_users_on_reset_password_token' AND type='index'
[0m
  [1m[35m (0.1ms)[0m              SELECT sql
            FROM sqlite_master
            WHERE name='index_users_on_email' AND type='index'
            UNION ALL
            SELECT sql
            FROM sqlite_temp_master
            WHERE name='index_users_on_email' AND type='index'



Started GET "/" for 127.0.0.1 at 2016-03-02 13:50:01 -0500
  [1m[36mActiveRecord::SchemaMigration Load (0.2ms)[0m  [1mSELECT "schema_migrations".* FROM "schema_migrations"[0m
Processing by WelcomeController#index as HTML
Completed 401 Unauthorized in 24ms (ActiveRecord: 0.0ms)


Started GET "/users/sign_in" for 127.0.0.1 at 2016-03-02 13:50:02 -0500
Processing by Devise::SessionsController#new as HTML
  Rendered devise/shared/_links.html.erb (11.9ms)
  Rendered devise/sessions/new.html.erb within layouts/application (43.9ms)
Completed 200 OK in 48654ms (Views: 48633.1ms | ActiveRecord: 1.1ms)


Started POST "/users/sign_in" for 127.0.0.1 at 2016-03-02 13:50:59 -0500
Processing by Devise::SessionsController#create as HTML
  Parameters: {"utf8"=>"✓", "authenticity_token"=>"eW5ZaqkGS7oKRjEVT3L0xx5HsRlXPXraKirN9slYtqwmaqkwRSvcqVUJyCAAJROs8YscukAa0pI/1JcpaO9BXA==", "user"=>{"email"=>"mojirsamimi@brandeis.edu", "password"=>"[FILTERED]", "remember_me"=>"0"}, "commit"=>"Log in"}
  [1m[35mUser Load (0.3ms)[0m  SELECT  "users".* FROM "users" WHERE "users"."email" = ?  ORDER BY "users"."id" ASC LIMIT 1  [["email", "mojirsamimi@brandeis.edu"]]
Completed 401 Unauthorized in 10ms (ActiveRecord: 0.3ms)
Processing by Devise::SessionsController#new as HTML
  Parameters: {"utf8"=>"✓", "authenticity_token"=>"eW5ZaqkGS7oKRjEVT3L0xx5HsRlXPXraKirN9slYtqwmaqkwRSvcqVUJyCAAJROs8YscukAa0pI/1JcpaO9BXA==", "user"=>{"email"=>"mojirsamimi@brandeis.edu", "password"=>"[FILTERED]", "remember_me"=>"0"}, "commit"=>"Log in"}
  Rendered devise/shared/_links.html.erb (6.9ms)
  Rendered devise/sessions/new.html.erb within layouts/application (15.9ms)
Completed 200 OK in 154ms (Views: 74.7ms | ActiveRecord: 0.0ms)


Started GET "/" for 127.0.0.1 at 2016-03-02 14:05:04 -0500
Processing by WelcomeController#index as HTML
Completed 401 Unauthorized in 8ms (ActiveRecord: 0.0ms)


Started GET "/users/sign_in" for 127.0.0.1 at 2016-03-02 14:05:05 -0500
Processing by Devise::SessionsController#new as HTML
  Rendered devise/shared/_links.html.erb (8.0ms)
  Rendered devise/sessions/new.html.erb within layouts/application (17.6ms)
Completed 200 OK in 111ms (Views: 91.3ms | ActiveRecord: 1.4ms)


Started GET "/users/sign_up" for 127.0.0.1 at 2016-03-02 14:05:21 -0500
Processing by Devise::RegistrationsController#new as HTML
  Rendered devise/shared/_links.html.erb (10.3ms)
  Rendered devise/registrations/new.html.erb within layouts/application (48.5ms)
Completed 200 OK in 131ms (Views: 129.5ms | ActiveRecord: 0.0ms)


Started POST "/users" for 127.0.0.1 at 2016-03-02 15:01:17 -0500
Processing by Devise::RegistrationsController#create as HTML
  Parameters: {"utf8"=>"✓", "authenticity_token"=>"Ic999FWVh3U+3KhumOMHJKHGEQZhzVtSAwxg89kggOB+y42uubgQZmGTUVvXtOBPTgq8pXbq8xoW8joseJd3EA==", "user"=>{"name"=>"Mojir", "email"=>"mojirsamimi@brandeis.com", "password"=>"[FILTERED]", "password_confirmation"=>"[FILTERED]"}, "commit"=>"Sign up"}
  [1m[36m (0.3ms)[0m  [1mbegin transaction[0m
  [1m[35mUser Exists (0.2ms)[0m  SELECT  1 AS one FROM "users" WHERE "users"."email" = 'mojirsamimi@brandeis.com' LIMIT 1
  [1m[36mSQL (0.4ms)[0m  [1mINSERT INTO "users" ("email", "encrypted_password", "name", "created_at", "updated_at") VALUES (?, ?, ?, ?, ?)[0m  [["email", "mojirsamimi@brandeis.com"], ["encrypted_password", "$2a$10$a8FW4RoRYcixdLWNTX9jBeGpr8X6inAS7iC8qtvi2HdoJjefwMvyO"], ["name", "Mojir"], ["created_at", "2016-03-02 20:01:17.805821"], ["updated_at", "2016-03-02 20:01:17.805821"]]
  [1m[35m (8.3ms)[0m  commit transaction
  [1m[36m (0.1ms)[0m  [1mbegin transaction[0m
  [1m[35mSQL (0.4ms)[0m  UPDATE "users" SET "last_sign_in_at" = ?, "current_sign_in_at" = ?, "last_sign_in_ip" = ?, "current_sign_in_ip" = ?, "sign_in_count" = ?, "updated_at" = ? WHERE "users"."id" = ?  [["last_sign_in_at", "2016-03-02 20:01:17.817707"], ["current_sign_in_at", "2016-03-02 20:01:17.817707"], ["last_sign_in_ip", "127.0.0.1"], ["current_sign_in_ip", "127.0.0.1"], ["sign_in_count", 1], ["updated_at", "2016-03-02 20:01:17.818570"], ["id", 1]]
  [1m[36m (17.7ms)[0m  [1mcommit transaction[0m
Redirected to http://localhost:3000/
Completed 302 Found in 153ms (ActiveRecord: 28.3ms)


Started GET "/" for 127.0.0.1 at 2016-03-02 15:01:17 -0500
Processing by WelcomeController#index as HTML
  [1m[35mUser Load (0.6ms)[0m  SELECT  "users".* FROM "users" WHERE "users"."id" = ?  ORDER BY "users"."id" ASC LIMIT 1  [["id", 1]]
  Rendered welcome/index.html.erb within layouts/application (0.8ms)
Completed 200 OK in 86ms (Views: 82.4ms | ActiveRecord: 0.6ms)
  [1m[36mUser Load (1.2ms)[0m  [1mSELECT "users".* FROM "users"[0m
  [1m[35mUser Load (0.2ms)[0m  SELECT "users".* FROM "users"
  [1m[36mUser Load (2.6ms)[0m  [1mSELECT "users".* FROM "users"[0m
